<?xml version="1.0" encoding="UTF-8"?>
<!-- Generated by org.testng.reporters.JUnitXMLReporter -->
<testsuite ignored="0" hostname="LAPTOP-RLBPP581" failures="0" tests="2" name="Default test" time="0.188" errors="0" timestamp="2022-01-25T17:08:50 IST">
  <testcase classname="Test.VerifyTimeTrackandTaskTab" name="@BeforeTest LaunchBrowser" time="-1.643110730317E9">
    <failure type="org.testng.TestNGException" message="
Parameter &amp;apos;browser&amp;apos; is required by BeforeTest on method LaunchBrowser but has not been marked @Optional or defined
in C:\Users\balaji\AppData\Local\Temp\testng-eclipse-73066798\testng-customsuite.xml">
      <![CDATA[org.testng.TestNGException: 
Parameter 'browser' is required by BeforeTest on method LaunchBrowser but has not been marked @Optional or defined
in C:\Users\balaji\AppData\Local\Temp\testng-eclipse-73066798\testng-customsuite.xml
at org.testng.internal.Parameters.createParams(Parameters.java:270)
at org.testng.internal.Parameters.createParametersForMethod(Parameters.java:358)
at org.testng.internal.Parameters.createParameters(Parameters.java:700)
at org.testng.internal.Parameters.createConfigurationParameters(Parameters.java:168)
at org.testng.internal.ConfigInvoker.invokeConfigurations(ConfigInvoker.java:302)
at org.testng.TestRunner.invokeTestConfigurations(TestRunner.java:637)
at org.testng.TestRunner.beforeRun(TestRunner.java:627)
at org.testng.TestRunner.run(TestRunner.java:589)
at org.testng.SuiteRunner.runTest(SuiteRunner.java:377)
at org.testng.SuiteRunner.runSequentially(SuiteRunner.java:371)
at org.testng.SuiteRunner.privateRun(SuiteRunner.java:332)
at org.testng.SuiteRunner.run(SuiteRunner.java:276)
at org.testng.SuiteRunnerWorker.runSuite(SuiteRunnerWorker.java:53)
at org.testng.SuiteRunnerWorker.run(SuiteRunnerWorker.java:96)
at org.testng.TestNG.runSuitesSequentially(TestNG.java:1212)
at org.testng.TestNG.runSuitesLocally(TestNG.java:1134)
at org.testng.TestNG.runSuites(TestNG.java:1063)
at org.testng.TestNG.run(TestNG.java:1031)
at org.testng.remote.AbstractRemoteTestNG.run(AbstractRemoteTestNG.java:115)
at org.testng.remote.RemoteTestNG.initAndRun(RemoteTestNG.java:251)
at org.testng.remote.RemoteTestNG.main(RemoteTestNG.java:77)
]]>
    </failure>
  </testcase> <!-- @BeforeTest LaunchBrowser -->
  <testcase classname="Test.VerifyTimeTrackandTaskTab" name="@BeforeClass initilizationpomclasses" time="-1.643110730392E9">
    <skipped/>
  </testcase> <!-- @BeforeClass initilizationpomclasses -->
  <testcase classname="Test.VerifyTimeTrackandTaskTab" name="@BeforeMethod loginActiTime" time="-1.643110730439E9">
    <skipped/>
  </testcase> <!-- @BeforeMethod loginActiTime -->
  <testcase classname="Test.VerifyTimeTrackandTaskTab" name="@AfterMethod logoutActiTime" time="-1.643110730458E9">
    <skipped/>
  </testcase> <!-- @AfterMethod logoutActiTime -->
  <testcase classname="Test.VerifyTimeTrackandTaskTab" name="@BeforeMethod loginActiTime" time="-1.643110730463E9">
    <skipped/>
  </testcase> <!-- @BeforeMethod loginActiTime -->
  <testcase classname="Test.VerifyTimeTrackandTaskTab" name="@AfterMethod logoutActiTime" time="-1.643110730473E9">
    <skipped/>
  </testcase> <!-- @AfterMethod logoutActiTime -->
  <testcase classname="Test.VerifyTimeTrackandTaskTab" name="@AfterClass Clearobject" time="-1.643110730478E9">
    <skipped/>
  </testcase> <!-- @AfterClass Clearobject -->
  <testcase classname="Test.VerifyTimeTrackandTaskTab" name="@AfterTest closeBrowser" time="-1.643110730486E9">
    <skipped/>
  </testcase> <!-- @AfterTest closeBrowser -->
  <testcase classname="Test.VerifyTimeTrackandTaskTab" name="ToVerifyTaskTab" time="0.0">
    <skipped/>
  </testcase> <!-- ToVerifyTaskTab -->
  <testcase classname="Test.VerifyTimeTrackandTaskTab" name="ToVerifyTimeTrackTab" time="0.0">
    <skipped/>
  </testcase> <!-- ToVerifyTimeTrackTab -->
</testsuite> <!-- Default test -->
