<?xml version="1.0" encoding="UTF-8"?>
<!-- Generated by org.testng.reporters.JUnitXMLReporter -->
<testsuite ignored="1" hostname="LAPTOP-RLBPP581" failures="0" tests="1" name="Chrome(failed)" time="18.883" errors="0" timestamp="2022-01-31T13:51:43 IST">
  <testcase classname="Test.VerifyTimeTrackandTaskTab" name="@AfterMethod logoutActiTime" time="0.652">
    <failure type="java.io.FileNotFoundException" message="C:\Users\balaji\Screenshot\:101:Mon-Jan-31-13-51-42-IST-2022.jpg (The filename, directory name, or volume label syntax is incorrect)">
      <![CDATA[java.io.FileNotFoundException: C:\Users\balaji\Screenshot\:101:Mon-Jan-31-13-51-42-IST-2022.jpg (The filename, directory name, or volume label syntax is incorrect)
at java.base/java.io.FileOutputStream.open0(Native Method)
at java.base/java.io.FileOutputStream.open(FileOutputStream.java:291)
at java.base/java.io.FileOutputStream.<init>(FileOutputStream.java:234)
at java.base/java.io.FileOutputStream.<init>(FileOutputStream.java:184)
at org.openqa.selenium.io.FileHandler.copyFile(FileHandler.java:138)
at org.openqa.selenium.io.FileHandler.copy(FileHandler.java:117)
at UtilExceelsheet.Utility.saveScreenshot(Utility.java:57)
at Test.VerifyTimeTrackandTaskTab.logoutActiTime(VerifyTimeTrackandTaskTab.java:108)
at java.base/java.util.ArrayList.forEach(ArrayList.java:1511)
at java.base/java.util.concurrent.FutureTask.run(FutureTask.java:264)
at java.base/java.util.concurrent.ThreadPoolExecutor.runWorker(ThreadPoolExecutor.java:1130)
at java.base/java.util.concurrent.ThreadPoolExecutor$Worker.run(ThreadPoolExecutor.java:630)
at java.base/java.lang.Thread.run(Thread.java:831)
... Removed 23 stack frames]]>
    </failure>
  </testcase> <!-- @AfterMethod logoutActiTime -->
  <testcase classname="Test.VerifyTimeTrackandTaskTab" name="@AfterClass Clearobject" time="-1.643617303338E9">
    <skipped/>
  </testcase> <!-- @AfterClass Clearobject -->
  <testcase classname="Test.VerifyTimeTrackandTaskTab" name="@AfterTest closeBrowser" time="-1.643617303346E9">
    <skipped/>
  </testcase> <!-- @AfterTest closeBrowser -->
  <testcase classname="Test.VerifyTimeTrackandTaskTab" name="ToVerifyTimeTrackTab" time="5.041"/>
  <testcase classname="Test.VerifyTimeTrackandTaskTab" name="ToVerifyTaskTab" time="0.0">
    <ignored/>
  </testcase> <!-- ToVerifyTaskTab -->
</testsuite> <!-- Chrome(failed) -->
