<?xml version="1.0" encoding="UTF-8"?>
<!-- Generated by org.testng.reporters.JUnitXMLReporter -->
<testsuite ignored="0" hostname="LAPTOP-RLBPP581" failures="1" tests="2" name="Firefox" time="57.428" errors="0" timestamp="2022-01-31T14:46:44 IST">
  <testcase classname="Test.VerifyTimeTrackandTaskTab" name="ToVerifyTaskTab" time="7.31">
    <failure type="java.lang.AssertionError" message="null">
      <![CDATA[java.lang.AssertionError: null
at Test.VerifyTimeTrackandTaskTab.ToVerifyTaskTab(VerifyTimeTrackandTaskTab.java:104)
at java.base/java.util.ArrayList.forEach(ArrayList.java:1511)
at java.base/java.util.concurrent.FutureTask.run(FutureTask.java:264)
at java.base/java.util.concurrent.ThreadPoolExecutor.runWorker(ThreadPoolExecutor.java:1130)
at java.base/java.util.concurrent.ThreadPoolExecutor$Worker.run(ThreadPoolExecutor.java:630)
at java.base/java.lang.Thread.run(Thread.java:831)
... Removed 20 stack frames]]>
    </failure>
  </testcase> <!-- ToVerifyTaskTab -->
  <testcase classname="Test.VerifyTimeTrackandTaskTab" name="ToVerifyTimeTrackTab" time="2.39"/>
</testsuite> <!-- Firefox -->
